Build started 07/07/2018 07:59:52.
     1>Project "C:\SAMUEL\KULIAH\KB\Project\sudoku\sudoku\sudoku.vcxproj" on node 2 (build target(s)).
     1>InitializeBuildStatus:
         Creating "Debug\sudoku.unsuccessfulbuild" because "AlwaysCreate" was specified.
       ClCompile:
         C:\Program Files (x86)\Microsoft Visual Studio 10.0\VC\bin\CL.exe /c /IC:\SAMUEL\KULIAH\KB\Project\sudoku\sudoku\sfml\include /ZI /nologo /W3 /WX- /Od /Oy- /D WIN32 /D _DEBUG /D _CONSOLE /D _UNICODE /D UNICODE /Gm /EHsc /RTC1 /MDd /GS /fp:precise /Zc:wchar_t /Zc:forScope /Fo"Debug\\" /Fd"Debug\vc100.pdb" /Gd /TP /analyze- /errorReport:prompt main.cpp
         main.cpp
     1>c:\samuel\kuliah\kb\project\sudoku\sudoku\main.cpp(165): warning C4244: 'argument' : conversion from 'int' to 'float', possible loss of data
     1>c:\samuel\kuliah\kb\project\sudoku\sudoku\main.cpp(165): warning C4244: 'argument' : conversion from 'int' to 'float', possible loss of data
     1>c:\samuel\kuliah\kb\project\sudoku\sudoku\main.cpp(183): warning C4244: 'argument' : conversion from 'int' to 'float', possible loss of data
     1>c:\samuel\kuliah\kb\project\sudoku\sudoku\main.cpp(183): warning C4244: 'argument' : conversion from 'int' to 'float', possible loss of data
     1>c:\samuel\kuliah\kb\project\sudoku\sudoku\main.cpp(344): warning C4305: 'argument' : truncation from 'double' to 'float'
     1>c:\samuel\kuliah\kb\project\sudoku\sudoku\main.cpp(344): warning C4305: 'argument' : truncation from 'double' to 'float'
     1>c:\samuel\kuliah\kb\project\sudoku\sudoku\main.cpp(345): warning C4244: 'argument' : conversion from 'int' to 'float', possible loss of data
     1>c:\samuel\kuliah\kb\project\sudoku\sudoku\main.cpp(354): warning C4244: 'argument' : conversion from 'int' to 'float', possible loss of data
     1>c:\samuel\kuliah\kb\project\sudoku\sudoku\main.cpp(354): warning C4244: 'argument' : conversion from 'int' to 'float', possible loss of data
     1>c:\samuel\kuliah\kb\project\sudoku\sudoku\main.cpp(358): warning C4244: 'argument' : conversion from 'int' to 'float', possible loss of data
     1>c:\samuel\kuliah\kb\project\sudoku\sudoku\main.cpp(358): warning C4244: 'argument' : conversion from 'int' to 'float', possible loss of data
     1>c:\samuel\kuliah\kb\project\sudoku\sudoku\main.cpp(362): warning C4244: 'argument' : conversion from 'int' to 'float', possible loss of data
     1>c:\samuel\kuliah\kb\project\sudoku\sudoku\main.cpp(362): warning C4244: 'argument' : conversion from 'int' to 'float', possible loss of data
     1>c:\samuel\kuliah\kb\project\sudoku\sudoku\main.cpp(366): warning C4244: 'argument' : conversion from 'int' to 'float', possible loss of data
     1>c:\samuel\kuliah\kb\project\sudoku\sudoku\main.cpp(366): warning C4244: 'argument' : conversion from 'int' to 'float', possible loss of data
     1>c:\samuel\kuliah\kb\project\sudoku\sudoku\main.cpp(419): warning C4305: 'argument' : truncation from 'double' to 'float'
     1>c:\samuel\kuliah\kb\project\sudoku\sudoku\main.cpp(419): warning C4305: 'argument' : truncation from 'double' to 'float'
     1>c:\samuel\kuliah\kb\project\sudoku\sudoku\main.cpp(424): warning C4305: 'argument' : truncation from 'double' to 'float'
     1>c:\samuel\kuliah\kb\project\sudoku\sudoku\main.cpp(424): warning C4305: 'argument' : truncation from 'double' to 'float'
     1>c:\samuel\kuliah\kb\project\sudoku\sudoku\main.cpp(429): warning C4305: 'argument' : truncation from 'double' to 'float'
     1>c:\samuel\kuliah\kb\project\sudoku\sudoku\main.cpp(429): warning C4305: 'argument' : truncation from 'double' to 'float'
     1>c:\samuel\kuliah\kb\project\sudoku\sudoku\main.cpp(434): warning C4305: 'argument' : truncation from 'double' to 'float'
     1>c:\samuel\kuliah\kb\project\sudoku\sudoku\main.cpp(434): warning C4305: 'argument' : truncation from 'double' to 'float'
     1>c:\samuel\kuliah\kb\project\sudoku\sudoku\main.cpp(442): warning C4244: 'argument' : conversion from 'int' to 'float', possible loss of data
     1>c:\samuel\kuliah\kb\project\sudoku\sudoku\main.cpp(442): warning C4244: 'argument' : conversion from 'int' to 'float', possible loss of data
     1>c:\samuel\kuliah\kb\project\sudoku\sudoku\main.cpp(452): warning C4244: 'argument' : conversion from 'int' to 'float', possible loss of data
     1>c:\samuel\kuliah\kb\project\sudoku\sudoku\main.cpp(452): warning C4244: 'argument' : conversion from 'int' to 'float', possible loss of data
     1>c:\samuel\kuliah\kb\project\sudoku\sudoku\main.cpp(457): warning C4244: 'argument' : conversion from 'int' to 'float', possible loss of data
     1>c:\samuel\kuliah\kb\project\sudoku\sudoku\main.cpp(457): warning C4244: 'argument' : conversion from 'int' to 'float', possible loss of data
     1>c:\samuel\kuliah\kb\project\sudoku\sudoku\main.cpp(468): warning C4244: '=' : conversion from 'double' to 'int', possible loss of data
     1>c:\samuel\kuliah\kb\project\sudoku\sudoku\main.cpp(472): warning C4244: 'argument' : conversion from 'int' to 'float', possible loss of data
     1>c:\samuel\kuliah\kb\project\sudoku\sudoku\main.cpp(472): warning C4244: 'argument' : conversion from 'int' to 'float', possible loss of data
     1>c:\samuel\kuliah\kb\project\sudoku\sudoku\main.cpp(507): warning C4244: '=' : conversion from 'float' to 'int', possible loss of data
     1>c:\samuel\kuliah\kb\project\sudoku\sudoku\main.cpp(508): warning C4244: '=' : conversion from 'float' to 'int', possible loss of data
     1>c:\samuel\kuliah\kb\project\sudoku\sudoku\main.cpp(519): warning C4244: '=' : conversion from 'float' to 'int', possible loss of data
     1>c:\samuel\kuliah\kb\project\sudoku\sudoku\main.cpp(520): warning C4244: '=' : conversion from 'float' to 'int', possible loss of data
     1>c:\samuel\kuliah\kb\project\sudoku\sudoku\main.cpp(531): warning C4244: '=' : conversion from 'float' to 'int', possible loss of data
     1>c:\samuel\kuliah\kb\project\sudoku\sudoku\main.cpp(532): warning C4244: '=' : conversion from 'float' to 'int', possible loss of data
     1>c:\samuel\kuliah\kb\project\sudoku\sudoku\main.cpp(543): warning C4244: '=' : conversion from 'float' to 'int', possible loss of data
     1>c:\samuel\kuliah\kb\project\sudoku\sudoku\main.cpp(544): warning C4244: '=' : conversion from 'float' to 'int', possible loss of data
     1>c:\samuel\kuliah\kb\project\sudoku\sudoku\main.cpp(555): warning C4244: '=' : conversion from 'float' to 'int', possible loss of data
     1>c:\samuel\kuliah\kb\project\sudoku\sudoku\main.cpp(556): warning C4244: '=' : conversion from 'float' to 'int', possible loss of data
     1>c:\samuel\kuliah\kb\project\sudoku\sudoku\main.cpp(567): warning C4244: '=' : conversion from 'float' to 'int', possible loss of data
     1>c:\samuel\kuliah\kb\project\sudoku\sudoku\main.cpp(568): warning C4244: '=' : conversion from 'float' to 'int', possible loss of data
     1>c:\samuel\kuliah\kb\project\sudoku\sudoku\main.cpp(579): warning C4244: '=' : conversion from 'float' to 'int', possible loss of data
     1>c:\samuel\kuliah\kb\project\sudoku\sudoku\main.cpp(580): warning C4244: '=' : conversion from 'float' to 'int', possible loss of data
     1>c:\samuel\kuliah\kb\project\sudoku\sudoku\main.cpp(591): warning C4244: '=' : conversion from 'float' to 'int', possible loss of data
     1>c:\samuel\kuliah\kb\project\sudoku\sudoku\main.cpp(592): warning C4244: '=' : conversion from 'float' to 'int', possible loss of data
     1>c:\samuel\kuliah\kb\project\sudoku\sudoku\main.cpp(603): warning C4244: '=' : conversion from 'float' to 'int', possible loss of data
     1>c:\samuel\kuliah\kb\project\sudoku\sudoku\main.cpp(604): warning C4244: '=' : conversion from 'float' to 'int', possible loss of data
     1>c:\samuel\kuliah\kb\project\sudoku\sudoku\main.cpp(615): warning C4244: '=' : conversion from 'float' to 'int', possible loss of data
     1>c:\samuel\kuliah\kb\project\sudoku\sudoku\main.cpp(616): warning C4244: '=' : conversion from 'float' to 'int', possible loss of data
     1>c:\samuel\kuliah\kb\project\sudoku\sudoku\main.cpp(646): warning C4244: 'argument' : conversion from 'int' to 'float', possible loss of data
     1>c:\samuel\kuliah\kb\project\sudoku\sudoku\main.cpp(646): warning C4244: 'argument' : conversion from 'int' to 'float', possible loss of data
     1>c:\samuel\kuliah\kb\project\sudoku\sudoku\main.cpp(656): warning C4244: 'argument' : conversion from 'int' to 'float', possible loss of data
     1>c:\samuel\kuliah\kb\project\sudoku\sudoku\main.cpp(656): warning C4244: 'argument' : conversion from 'int' to 'float', possible loss of data
     1>c:\samuel\kuliah\kb\project\sudoku\sudoku\main.cpp(659): warning C4244: 'argument' : conversion from 'int' to 'float', possible loss of data
     1>c:\samuel\kuliah\kb\project\sudoku\sudoku\main.cpp(659): warning C4244: 'argument' : conversion from 'int' to 'float', possible loss of data
     1>c:\samuel\kuliah\kb\project\sudoku\sudoku\main.cpp(670): warning C4244: '=' : conversion from 'double' to 'int', possible loss of data
     1>c:\samuel\kuliah\kb\project\sudoku\sudoku\main.cpp(674): warning C4244: 'argument' : conversion from 'int' to 'float', possible loss of data
     1>c:\samuel\kuliah\kb\project\sudoku\sudoku\main.cpp(674): warning C4244: 'argument' : conversion from 'int' to 'float', possible loss of data
     1>c:\samuel\kuliah\kb\project\sudoku\sudoku\main.cpp(713): warning C4305: 'argument' : truncation from 'double' to 'float'
     1>c:\samuel\kuliah\kb\project\sudoku\sudoku\main.cpp(713): warning C4305: 'argument' : truncation from 'double' to 'float'
     1>c:\samuel\kuliah\kb\project\sudoku\sudoku\main.cpp(721): warning C4244: 'argument' : conversion from 'int' to 'float', possible loss of data
     1>c:\samuel\kuliah\kb\project\sudoku\sudoku\main.cpp(721): warning C4244: 'argument' : conversion from 'int' to 'float', possible loss of data
     1>c:\samuel\kuliah\kb\project\sudoku\sudoku\main.cpp(731): warning C4244: 'argument' : conversion from 'int' to 'float', possible loss of data
     1>c:\samuel\kuliah\kb\project\sudoku\sudoku\main.cpp(731): warning C4244: 'argument' : conversion from 'int' to 'float', possible loss of data
     1>c:\samuel\kuliah\kb\project\sudoku\sudoku\main.cpp(735): warning C4996: 'fopen': This function or variable may be unsafe. Consider using fopen_s instead. To disable deprecation, use _CRT_SECURE_NO_WARNINGS. See online help for details.
                 c:\program files (x86)\microsoft visual studio 10.0\vc\include\stdio.h(234) : see declaration of 'fopen'
     1>c:\samuel\kuliah\kb\project\sudoku\sudoku\main.cpp(744): warning C4996: 'fscanf': This function or variable may be unsafe. Consider using fscanf_s instead. To disable deprecation, use _CRT_SECURE_NO_WARNINGS. See online help for details.
                 c:\program files (x86)\microsoft visual studio 10.0\vc\include\stdio.h(253) : see declaration of 'fscanf'
     1>c:\samuel\kuliah\kb\project\sudoku\sudoku\main.cpp(758): warning C4244: 'argument' : conversion from 'int' to 'float', possible loss of data
     1>c:\samuel\kuliah\kb\project\sudoku\sudoku\main.cpp(758): warning C4244: 'argument' : conversion from 'int' to 'float', possible loss of data
     1>c:\samuel\kuliah\kb\project\sudoku\sudoku\main.cpp(769): warning C4244: '=' : conversion from 'double' to 'int', possible loss of data
     1>c:\samuel\kuliah\kb\project\sudoku\sudoku\main.cpp(773): warning C4244: 'argument' : conversion from 'int' to 'float', possible loss of data
     1>c:\samuel\kuliah\kb\project\sudoku\sudoku\main.cpp(773): warning C4244: 'argument' : conversion from 'int' to 'float', possible loss of data
     1>c:\samuel\kuliah\kb\project\sudoku\sudoku\main.cpp(782): warning C4244: 'argument' : conversion from 'int' to 'float', possible loss of data
     1>c:\samuel\kuliah\kb\project\sudoku\sudoku\main.cpp(782): warning C4244: 'argument' : conversion from 'int' to 'float', possible loss of data
     1>c:\samuel\kuliah\kb\project\sudoku\sudoku\main.cpp(733): warning C4101: 'buffer' : unreferenced local variable
       Link:
         C:\Program Files (x86)\Microsoft Visual Studio 10.0\VC\bin\link.exe /ERRORREPORT:PROMPT /OUT:"C:\SAMUEL\KULIAH\KB\Project\sudoku\Debug\sudoku.exe" /INCREMENTAL:NO /NOLOGO /LIBPATH:C:\SAMUEL\KULIAH\KB\Project\sudoku\sudoku\sfml\lib "sfml-system-d.lib" "sfml-graphics-d.lib" "sfml-audio-d.lib" "sfml-network-d.lib" "sfml-window-d.lib" kernel32.lib user32.lib gdi32.lib winspool.lib comdlg32.lib advapi32.lib shell32.lib ole32.lib oleaut32.lib uuid.lib odbc32.lib odbccp32.lib /MANIFEST /ManifestFile:"Debug\sudoku.exe.intermediate.manifest" /MANIFESTUAC:"level='asInvoker' uiAccess='false'" /DEBUG /PDB:"C:\SAMUEL\KULIAH\KB\Project\sudoku\Debug\sudoku.pdb" /SUBSYSTEM:CONSOLE /TLBID:1 /DYNAMICBASE /NXCOMPAT /IMPLIB:"C:\SAMUEL\KULIAH\KB\Project\sudoku\Debug\sudoku.lib" /MACHINE:X86 Debug\cekSection.obj
         Debug\main.obj
         Debug\main_shared.obj
         Debug\rev1.obj
     1>cekSection.obj : warning LNK4075: ignoring '/EDITANDCONTINUE' due to '/INCREMENTAL:NO' specification
         sudoku.vcxproj -> C:\SAMUEL\KULIAH\KB\Project\sudoku\Debug\sudoku.exe
       Manifest:
         C:\Program Files (x86)\Microsoft SDKs\Windows\v7.0A\bin\mt.exe /nologo /verbose /outputresource:"C:\SAMUEL\KULIAH\KB\Project\sudoku\Debug\sudoku.exe;#1" /manifest Debug\sudoku.exe.intermediate.manifest
       FinalizeBuildStatus:
         Deleting file "Debug\sudoku.unsuccessfulbuild".
         Touching "Debug\sudoku.lastbuildstate".
     1>Done Building Project "C:\SAMUEL\KULIAH\KB\Project\sudoku\sudoku\sudoku.vcxproj" (build target(s)).

Build succeeded.

Time Elapsed 00:00:02.19
